The number of threads:  100
2023-08-04 09:04:08,013 - __main__ - INFO - client fd: 4 connect to 127.0.0.1:8080 ...
2023-08-04 09:04:08,016 - __main__ - INFO - Connection success!
2023-08-04 09:04:08,019 - __main__ - INFO - Header sent success
2023-08-04 09:04:08,032 - __main__ - INFO - write package 1 len: 1242
2023-08-04 09:04:08,032 - __main__ - INFO - File received success
2023-08-04 09:04:08,172 - __main__ - INFO - client fd: 4 connect to 127.0.0.1:8080 ...
2023-08-04 09:04:08,179 - __main__ - INFO - Connection success!
2023-08-04 09:04:08,180 - __main__ - INFO - Header sent success
2023-08-04 09:04:08,183 - __main__ - INFO - write package 1 len: 1242
2023-08-04 09:04:08,183 - __main__ - INFO - File received success
2023-08-04 09:04:08,215 - __main__ - INFO - client fd: 4 connect to 127.0.0.1:8080 ...
2023-08-04 09:04:08,225 - __main__ - INFO - Connection success!
2023-08-04 09:04:08,226 - __main__ - INFO - Header sent success
2023-08-04 09:04:08,227 - __main__ - INFO - write package 1 len: 1242
2023-08-04 09:04:08,227 - __main__ - INFO - File received success
2023-08-04 09:04:08,300 - __main__ - INFO - client fd: 4 connect to 127.0.0.1:8080 ...
2023-08-04 09:04:08,320 - __main__ - INFO - Connection success!
2023-08-04 09:04:08,321 - __main__ - INFO - Header sent success
2023-08-04 09:04:08,331 - __main__ - INFO - write package 1 len: 1242
2023-08-04 09:04:08,332 - __main__ - INFO - File received success
2023-08-04 09:04:08,349 - __main__ - INFO - client fd: 4 connect to 127.0.0.1:8080 ...
2023-08-04 09:04:08,349 - __main__ - INFO - Connection success!
2023-08-04 09:04:08,349 - __main__ - INFO - Header sent success
2023-08-04 09:04:08,358 - __main__ - INFO - client fd: 4 connect to 127.0.0.1:8080 ...
2023-08-04 09:04:08,364 - __main__ - INFO - Connection success!
2023-08-04 09:04:08,364 - __main__ - INFO - Header sent success
2023-08-04 09:04:08,365 - __main__ - INFO - write package 1 len: 1242
2023-08-04 09:04:08,365 - __main__ - INFO - File received success
2023-08-04 09:04:08,391 - __main__ - INFO - write package 1 len: 1242
2023-08-04 09:04:08,391 - __main__ - INFO - File received success
2023-08-04 09:04:08,436 - __main__ - INFO - client fd: 4 connect to 127.0.0.1:8080 ...
2023-08-04 09:04:08,439 - __main__ - INFO - client fd: 4 connect to 127.0.0.1:8080 ...
2023-08-04 09:04:08,441 - __main__ - INFO - client fd: 4 connect to 127.0.0.1:8080 ...
2023-08-04 09:04:08,441 - __main__ - INFO - Connection success!
2023-08-04 09:04:08,441 - __main__ - INFO - Header sent success
2023-08-04 09:04:08,446 - __main__ - INFO - Connection success!
2023-08-04 09:04:08,451 - __main__ - INFO - Header sent success
2023-08-04 09:04:08,452 - __main__ - INFO - Connection success!
2023-08-04 09:04:08,454 - __main__ - INFO - write package 1 len: 1242
2023-08-04 09:04:08,454 - __main__ - INFO - File received success
2023-08-04 09:04:08,453 - __main__ - INFO - Header sent success
2023-08-04 09:04:08,457 - __main__ - INFO - write package 1 len: 1242
2023-08-04 09:04:08,457 - __main__ - INFO - File received success
2023-08-04 09:04:08,458 - __main__ - INFO - client fd: 4 connect to 127.0.0.1:8080 ...
2023-08-04 09:04:08,458 - __main__ - INFO - Connection success!
2023-08-04 09:04:08,458 - __main__ - INFO - Header sent success
2023-08-04 09:04:08,467 - __main__ - INFO - write package 1 len: 1242
2023-08-04 09:04:08,467 - __main__ - INFO - File received success
2023-08-04 09:04:08,472 - __main__ - INFO - client fd: 4 connect to 127.0.0.1:8080 ...
2023-08-04 09:04:08,479 - __main__ - INFO - write package 1 len: 1242
2023-08-04 09:04:08,479 - __main__ - INFO - File received success
2023-08-04 09:04:08,488 - __main__ - INFO - Connection success!
2023-08-04 09:04:08,489 - __main__ - INFO - Header sent success
2023-08-04 09:04:08,491 - __main__ - INFO - write package 1 len: 1242
2023-08-04 09:04:08,491 - __main__ - INFO - File received success
2023-08-04 09:04:08,498 - __main__ - INFO - client fd: 4 connect to 127.0.0.1:8080 ...
2023-08-04 09:04:08,501 - __main__ - INFO - client fd: 4 connect to 127.0.0.1:8080 ...
2023-08-04 09:04:08,507 - __main__ - INFO - Connection success!
2023-08-04 09:04:08,513 - __main__ - INFO - Header sent success
2023-08-04 09:04:08,515 - __main__ - INFO - Connection success!
2023-08-04 09:04:08,515 - __main__ - INFO - Header sent success
2023-08-04 09:04:08,519 - __main__ - INFO - write package 1 len: 1242
2023-08-04 09:04:08,519 - __main__ - INFO - File received success
2023-08-04 09:04:08,520 - __main__ - INFO - write package 1 len: 1242
2023-08-04 09:04:08,520 - __main__ - INFO - File received success
2023-08-04 09:04:08,522 - __main__ - INFO - client fd: 4 connect to 127.0.0.1:8080 ...
2023-08-04 09:04:08,525 - __main__ - INFO - Connection success!
2023-08-04 09:04:08,532 - __main__ - INFO - Header sent success
2023-08-04 09:04:08,539 - __main__ - INFO - write package 1 len: 1242
2023-08-04 09:04:08,539 - __main__ - INFO - File received success
2023-08-04 09:04:08,552 - __main__ - INFO - client fd: 4 connect to 127.0.0.1:8080 ...
2023-08-04 09:04:08,560 - __main__ - INFO - Connection success!
2023-08-04 09:04:08,567 - __main__ - INFO - Header sent success
2023-08-04 09:04:08,570 - __main__ - INFO - write package 1 len: 1242
2023-08-04 09:04:08,571 - __main__ - INFO - File received success
2023-08-04 09:04:08,589 - __main__ - INFO - client fd: 4 connect to 127.0.0.1:8080 ...
2023-08-04 09:04:08,592 - __main__ - INFO - client fd: 4 connect to 127.0.0.1:8080 ...
2023-08-04 09:04:08,595 - __main__ - INFO - Connection success!
2023-08-04 09:04:08,596 - __main__ - INFO - Header sent success
2023-08-04 09:04:08,601 - __main__ - INFO - Connection success!
2023-08-04 09:04:08,602 - __main__ - INFO - Header sent success
2023-08-04 09:04:08,602 - __main__ - INFO - write package 1 len: 1242
2023-08-04 09:04:08,602 - __main__ - INFO - File received success
2023-08-04 09:04:08,603 - __main__ - INFO - write package 1 len: 1242
2023-08-04 09:04:08,603 - __main__ - INFO - File received success
2023-08-04 09:04:08,642 - __main__ - INFO - client fd: 4 connect to 127.0.0.1:8080 ...
2023-08-04 09:04:08,642 - __main__ - INFO - Connection success!
2023-08-04 09:04:08,642 - __main__ - INFO - Header sent success
2023-08-04 09:04:08,674 - __main__ - INFO - client fd: 4 connect to 127.0.0.1:8080 ...
2023-08-04 09:04:08,681 - __main__ - INFO - Connection success!
2023-08-04 09:04:08,684 - __main__ - INFO - Header sent success
2023-08-04 09:04:08,691 - __main__ - INFO - write package 1 len: 1242
2023-08-04 09:04:08,691 - __main__ - INFO - File received success
2023-08-04 09:04:08,699 - __main__ - INFO - write package 1 len: 1242
2023-08-04 09:04:08,699 - __main__ - INFO - File received success
2023-08-04 09:04:08,766 - __main__ - INFO - client fd: 4 connect to 127.0.0.1:8080 ...
2023-08-04 09:04:08,767 - __main__ - INFO - Connection success!
2023-08-04 09:04:08,767 - __main__ - INFO - Header sent success
2023-08-04 09:04:08,778 - __main__ - INFO - client fd: 4 connect to 127.0.0.1:8080 ...
2023-08-04 09:04:08,781 - __main__ - INFO - write package 1 len: 1242
2023-08-04 09:04:08,783 - __main__ - INFO - Connection success!
2023-08-04 09:04:08,787 - __main__ - INFO - File received success
2023-08-04 09:04:08,792 - __main__ - INFO - Header sent success
2023-08-04 09:04:08,792 - __main__ - INFO - write package 1 len: 1242
2023-08-04 09:04:08,792 - __main__ - INFO - File received success
2023-08-04 09:04:08,804 - __main__ - INFO - client fd: 4 connect to 127.0.0.1:8080 ...
2023-08-04 09:04:08,804 - __main__ - INFO - client fd: 4 connect to 127.0.0.1:8080 ...
2023-08-04 09:04:08,804 - __main__ - INFO - Connection success!
2023-08-04 09:04:08,805 - __main__ - INFO - Header sent success
2023-08-04 09:04:08,809 - __main__ - INFO - Connection success!
2023-08-04 09:04:08,810 - __main__ - INFO - Header sent success
2023-08-04 09:04:08,810 - __main__ - INFO - write package 1 len: 1242
2023-08-04 09:04:08,811 - __main__ - INFO - File received success
2023-08-04 09:04:08,804 - __main__ - INFO - client fd: 4 connect to 127.0.0.1:8080 ...
2023-08-04 09:04:08,814 - __main__ - INFO - Connection success!
2023-08-04 09:04:08,815 - __main__ - INFO - Header sent success
2023-08-04 09:04:08,820 - __main__ - INFO - write package 1 len: 1242
2023-08-04 09:04:08,820 - __main__ - INFO - File received success
2023-08-04 09:04:08,815 - __main__ - INFO - write package 1 len: 1242
2023-08-04 09:04:08,821 - __main__ - INFO - File received success
2023-08-04 09:04:08,839 - __main__ - INFO - client fd: 4 connect to 127.0.0.1:8080 ...
2023-08-04 09:04:08,844 - __main__ - INFO - Connection success!
2023-08-04 09:04:08,845 - __main__ - INFO - Header sent success
2023-08-04 09:04:08,845 - __main__ - INFO - write package 1 len: 1242
2023-08-04 09:04:08,846 - __main__ - INFO - File received success
2023-08-04 09:04:08,853 - __main__ - INFO - client fd: 4 connect to 127.0.0.1:8080 ...
2023-08-04 09:04:08,856 - __main__ - INFO - Connection success!
2023-08-04 09:04:08,857 - __main__ - INFO - Header sent success
2023-08-04 09:04:08,879 - __main__ - INFO - write package 1 len: 1242
2023-08-04 09:04:08,879 - __main__ - INFO - client fd: 4 connect to 127.0.0.1:8080 ...
2023-08-04 09:04:08,880 - __main__ - INFO - Connection success!
2023-08-04 09:04:08,880 - __main__ - INFO - Header sent success
2023-08-04 09:04:08,880 - __main__ - INFO - File received success
2023-08-04 09:04:08,894 - __main__ - INFO - write package 1 len: 1242
2023-08-04 09:04:08,894 - __main__ - INFO - File received success
2023-08-04 09:04:08,966 - __main__ - INFO - client fd: 4 connect to 127.0.0.1:8080 ...
2023-08-04 09:04:08,966 - __main__ - INFO - Connection success!
2023-08-04 09:04:08,966 - __main__ - INFO - Header sent success
2023-08-04 09:04:08,980 - __main__ - INFO - write package 1 len: 1242
2023-08-04 09:04:08,980 - __main__ - INFO - File received success
2023-08-04 09:04:09,003 - __main__ - INFO - client fd: 4 connect to 127.0.0.1:8080 ...
2023-08-04 09:04:09,005 - __main__ - INFO - client fd: 4 connect to 127.0.0.1:8080 ...
2023-08-04 09:04:09,005 - __main__ - INFO - Connection success!
2023-08-04 09:04:09,005 - __main__ - INFO - Header sent success
2023-08-04 09:04:09,010 - __main__ - INFO - Connection success!
2023-08-04 09:04:09,011 - __main__ - INFO - Header sent success
2023-08-04 09:04:09,024 - __main__ - INFO - write package 1 len: 1242
2023-08-04 09:04:09,025 - __main__ - INFO - File received success
2023-08-04 09:04:09,026 - __main__ - INFO - client fd: 4 connect to 127.0.0.1:8080 ...
2023-08-04 09:04:09,026 - __main__ - INFO - Connection success!
2023-08-04 09:04:09,026 - __main__ - INFO - Header sent success
2023-08-04 09:04:09,035 - __main__ - INFO - write package 1 len: 1242
2023-08-04 09:04:09,035 - __main__ - INFO - File received success
2023-08-04 09:04:09,050 - __main__ - INFO - write package 1 len: 1242
2023-08-04 09:04:09,052 - __main__ - INFO - File received success
2023-08-04 09:04:09,052 - __main__ - INFO - client fd: 4 connect to 127.0.0.1:8080 ...
2023-08-04 09:04:09,056 - __main__ - INFO - Connection success!
2023-08-04 09:04:09,058 - __main__ - INFO - Header sent success
2023-08-04 09:04:09,067 - __main__ - INFO - write package 1 len: 1242
2023-08-04 09:04:09,067 - __main__ - INFO - File received success
2023-08-04 09:04:09,097 - __main__ - INFO - client fd: 4 connect to 127.0.0.1:8080 ...
2023-08-04 09:04:09,098 - __main__ - INFO - Connection success!
2023-08-04 09:04:09,098 - __main__ - INFO - Header sent success
2023-08-04 09:04:09,133 - __main__ - INFO - client fd: 4 connect to 127.0.0.1:8080 ...
2023-08-04 09:04:09,134 - __main__ - INFO - Connection success!
2023-08-04 09:04:09,134 - __main__ - INFO - Header sent success
2023-08-04 09:04:09,143 - __main__ - INFO - write package 1 len: 1242
2023-08-04 09:04:09,144 - __main__ - INFO - File received success
2023-08-04 09:04:09,168 - __main__ - INFO - write package 1 len: 1242
2023-08-04 09:04:09,175 - __main__ - INFO - File received success
2023-08-04 09:04:09,270 - __main__ - INFO - client fd: 4 connect to 127.0.0.1:8080 ...
2023-08-04 09:04:09,270 - __main__ - INFO - Connection success!
2023-08-04 09:04:09,270 - __main__ - INFO - Header sent success
2023-08-04 09:04:09,273 - __main__ - INFO - client fd: 4 connect to 127.0.0.1:8080 ...
2023-08-04 09:04:09,278 - __main__ - INFO - Connection success!
2023-08-04 09:04:09,278 - __main__ - INFO - Header sent success
2023-08-04 09:04:09,279 - __main__ - INFO - write package 1 len: 1242
2023-08-04 09:04:09,279 - __main__ - INFO - File received success
2023-08-04 09:04:09,280 - __main__ - INFO - client fd: 4 connect to 127.0.0.1:8080 ...
2023-08-04 09:04:09,280 - __main__ - INFO - Connection success!
2023-08-04 09:04:09,280 - __main__ - INFO - Header sent success
2023-08-04 09:04:09,283 - __main__ - INFO - write package 1 len: 1242
2023-08-04 09:04:09,283 - __main__ - INFO - File received success
2023-08-04 09:04:09,280 - __main__ - INFO - client fd: 4 connect to 127.0.0.1:8080 ...
2023-08-04 09:04:09,287 - __main__ - INFO - Connection success!
2023-08-04 09:04:09,288 - __main__ - INFO - Header sent success
2023-08-04 09:04:09,288 - __main__ - INFO - write package 1 len: 1242
2023-08-04 09:04:09,288 - __main__ - INFO - File received success
2023-08-04 09:04:09,303 - __main__ - INFO - write package 1 len: 1242
2023-08-04 09:04:09,304 - __main__ - INFO - File received success
2023-08-04 09:04:09,327 - __main__ - INFO - client fd: 4 connect to 127.0.0.1:8080 ...
2023-08-04 09:04:09,340 - __main__ - INFO - Connection success!
2023-08-04 09:04:09,341 - __main__ - INFO - Header sent success
2023-08-04 09:04:09,344 - __main__ - INFO - client fd: 4 connect to 127.0.0.1:8080 ...
2023-08-04 09:04:09,345 - __main__ - INFO - Connection success!
2023-08-04 09:04:09,345 - __main__ - INFO - Header sent success
2023-08-04 09:04:09,355 - __main__ - INFO - write package 1 len: 1242
2023-08-04 09:04:09,355 - __main__ - INFO - File received success
2023-08-04 09:04:09,359 - __main__ - INFO - client fd: 4 connect to 127.0.0.1:8080 ...
2023-08-04 09:04:09,361 - __main__ - INFO - write package 1 len: 1242
2023-08-04 09:04:09,361 - __main__ - INFO - File received success
2023-08-04 09:04:09,364 - __main__ - INFO - Connection success!
2023-08-04 09:04:09,366 - __main__ - INFO - client fd: 4 connect to 127.0.0.1:8080 ...
2023-08-04 09:04:09,366 - __main__ - INFO - Connection success!
2023-08-04 09:04:09,366 - __main__ - INFO - Header sent success
2023-08-04 09:04:09,381 - __main__ - INFO - Header sent success
2023-08-04 09:04:09,383 - __main__ - INFO - client fd: 4 connect to 127.0.0.1:8080 ...
2023-08-04 09:04:09,390 - __main__ - INFO - client fd: 4 connect to 127.0.0.1:8080 ...
2023-08-04 09:04:09,390 - __main__ - INFO - Connection success!
2023-08-04 09:04:09,390 - __main__ - INFO - Header sent success
2023-08-04 09:04:09,394 - __main__ - INFO - write package 1 len: 1242
2023-08-04 09:04:09,394 - __main__ - INFO - File received success
2023-08-04 09:04:09,399 - __main__ - INFO - write package 1 len: 1242
2023-08-04 09:04:09,399 - __main__ - INFO - File received success
2023-08-04 09:04:09,404 - __main__ - INFO - Connection success!
2023-08-04 09:04:09,405 - __main__ - INFO - Header sent success
2023-08-04 09:04:09,405 - __main__ - INFO - write package 1 len: 1242
2023-08-04 09:04:09,405 - __main__ - INFO - File received success
2023-08-04 09:04:09,407 - __main__ - INFO - client fd: 4 connect to 127.0.0.1:8080 ...
2023-08-04 09:04:09,410 - __main__ - INFO - Connection success!
2023-08-04 09:04:09,411 - __main__ - INFO - Header sent success
2023-08-04 09:04:09,412 - __main__ - INFO - write package 1 len: 1242
2023-08-04 09:04:09,412 - __main__ - INFO - File received success
2023-08-04 09:04:09,444 - __main__ - INFO - write package 1 len: 1242
2023-08-04 09:04:09,444 - __main__ - INFO - File received success
2023-08-04 09:04:09,468 - __main__ - INFO - client fd: 4 connect to 127.0.0.1:8080 ...
2023-08-04 09:04:09,469 - __main__ - INFO - Connection success!
2023-08-04 09:04:09,469 - __main__ - INFO - Header sent success
2023-08-04 09:04:09,491 - __main__ - INFO - client fd: 4 connect to 127.0.0.1:8080 ...
2023-08-04 09:04:09,505 - __main__ - INFO - client fd: 4 connect to 127.0.0.1:8080 ...
2023-08-04 09:04:09,503 - __main__ - INFO - Connection success!
2023-08-04 09:04:09,512 - __main__ - INFO - Header sent success
2023-08-04 09:04:09,512 - __main__ - INFO - write package 1 len: 1242
2023-08-04 09:04:09,513 - __main__ - INFO - File received success
2023-08-04 09:04:09,519 - __main__ - INFO - write package 1 len: 1242
2023-08-04 09:04:09,519 - __main__ - INFO - File received success
2023-08-04 09:04:09,522 - __main__ - INFO - Connection success!
2023-08-04 09:04:09,523 - __main__ - INFO - Header sent success
2023-08-04 09:04:09,554 - __main__ - INFO - write package 1 len: 1242
2023-08-04 09:04:09,554 - __main__ - INFO - File received success
2023-08-04 09:04:09,635 - __main__ - INFO - client fd: 4 connect to 127.0.0.1:8080 ...
2023-08-04 09:04:09,650 - __main__ - INFO - client fd: 4 connect to 127.0.0.1:8080 ...
2023-08-04 09:04:09,652 - __main__ - INFO - client fd: 4 connect to 127.0.0.1:8080 ...
2023-08-04 09:04:09,659 - __main__ - INFO - Connection success!
2023-08-04 09:04:09,660 - __main__ - INFO - Header sent success
2023-08-04 09:04:09,667 - __main__ - INFO - write package 1 len: 1242
2023-08-04 09:04:09,668 - __main__ - INFO - File received success
2023-08-04 09:04:09,703 - __main__ - INFO - Connection success!
2023-08-04 09:04:09,704 - __main__ - INFO - Header sent success
2023-08-04 09:04:09,708 - __main__ - INFO - write package 1 len: 1242
2023-08-04 09:04:09,708 - __main__ - INFO - File received success
2023-08-04 09:04:09,747 - __main__ - INFO - Connection success!
2023-08-04 09:04:09,748 - __main__ - INFO - Header sent success
2023-08-04 09:04:09,786 - __main__ - INFO - client fd: 4 connect to 127.0.0.1:8080 ...
2023-08-04 09:04:09,786 - __main__ - INFO - Connection success!
2023-08-04 09:04:09,786 - __main__ - INFO - Header sent success
2023-08-04 09:04:09,786 - __main__ - INFO - client fd: 4 connect to 127.0.0.1:8080 ...
2023-08-04 09:04:09,787 - __main__ - INFO - Connection success!
2023-08-04 09:04:09,787 - __main__ - INFO - Header sent success
2023-08-04 09:04:09,787 - __main__ - INFO - write package 1 len: 1242
2023-08-04 09:04:09,787 - __main__ - INFO - File received success
2023-08-04 09:04:09,788 - __main__ - INFO - client fd: 4 connect to 127.0.0.1:8080 ...
2023-08-04 09:04:09,792 - __main__ - INFO - write package 1 len: 1242
2023-08-04 09:04:09,792 - __main__ - INFO - File received success
2023-08-04 09:04:09,792 - __main__ - INFO - Connection success!
2023-08-04 09:04:09,792 - __main__ - INFO - Header sent success
2023-08-04 09:04:09,795 - __main__ - INFO - write package 1 len: 1242
2023-08-04 09:04:09,795 - __main__ - INFO - File received success
2023-08-04 09:04:09,804 - __main__ - INFO - write package 1 len: 1242
2023-08-04 09:04:09,804 - __main__ - INFO - File received success
2023-08-04 09:04:09,898 - __main__ - INFO - client fd: 4 connect to 127.0.0.1:8080 ...
2023-08-04 09:04:09,926 - __main__ - INFO - Connection success!
2023-08-04 09:04:09,926 - __main__ - INFO - Header sent success
2023-08-04 09:04:09,927 - __main__ - INFO - write package 1 len: 1242
2023-08-04 09:04:09,927 - __main__ - INFO - File received success
2023-08-04 09:04:10,000 - __main__ - INFO - client fd: 4 connect to 127.0.0.1:8080 ...
2023-08-04 09:04:10,004 - __main__ - INFO - Connection success!
2023-08-04 09:04:10,004 - __main__ - INFO - Header sent success
2023-08-04 09:04:10,019 - __main__ - INFO - write package 1 len: 1242
2023-08-04 09:04:10,020 - __main__ - INFO - File received success
2023-08-04 09:04:10,088 - __main__ - INFO - client fd: 4 connect to 127.0.0.1:8080 ...
2023-08-04 09:04:10,088 - __main__ - INFO - Connection success!
2023-08-04 09:04:10,089 - __main__ - INFO - Header sent success
2023-08-04 09:04:10,090 - __main__ - INFO - write package 1 len: 1242
2023-08-04 09:04:10,090 - __main__ - INFO - File received success
2023-08-04 09:04:10,091 - __main__ - INFO - client fd: 4 connect to 127.0.0.1:8080 ...
2023-08-04 09:04:10,091 - __main__ - INFO - Connection success!
2023-08-04 09:04:10,092 - __main__ - INFO - Header sent success
2023-08-04 09:04:10,093 - __main__ - INFO - write package 1 len: 1242
2023-08-04 09:04:10,093 - __main__ - INFO - File received success
2023-08-04 09:04:10,093 - __main__ - INFO - client fd: 4 connect to 127.0.0.1:8080 ...
2023-08-04 09:04:10,102 - __main__ - INFO - Connection success!
2023-08-04 09:04:10,103 - __main__ - INFO - Header sent success
2023-08-04 09:04:10,105 - __main__ - INFO - write package 1 len: 1242
2023-08-04 09:04:10,105 - __main__ - INFO - File received success
2023-08-04 09:04:10,115 - __main__ - INFO - client fd: 4 connect to 127.0.0.1:8080 ...
2023-08-04 09:04:10,131 - __main__ - INFO - Connection success!
2023-08-04 09:04:10,132 - __main__ - INFO - Header sent success
2023-08-04 09:04:10,163 - __main__ - INFO - client fd: 4 connect to 127.0.0.1:8080 ...
2023-08-04 09:04:10,164 - __main__ - INFO - client fd: 4 connect to 127.0.0.1:8080 ...
2023-08-04 09:04:10,165 - __main__ - INFO - Connection success!
2023-08-04 09:04:10,166 - __main__ - INFO - Header sent success
2023-08-04 09:04:10,166 - __main__ - INFO - Connection success!
2023-08-04 09:04:10,167 - __main__ - INFO - Header sent success
2023-08-04 09:04:10,168 - __main__ - INFO - write package 1 len: 1242
2023-08-04 09:04:10,168 - __main__ - INFO - File received success
2023-08-04 09:04:10,168 - __main__ - INFO - write package 1 len: 1242
2023-08-04 09:04:10,169 - __main__ - INFO - File received success
2023-08-04 09:04:10,169 - __main__ - INFO - write package 1 len: 1242
2023-08-04 09:04:10,169 - __main__ - INFO - File received success
2023-08-04 09:04:10,174 - __main__ - INFO - client fd: 4 connect to 127.0.0.1:8080 ...
2023-08-04 09:04:10,179 - __main__ - INFO - Connection success!
2023-08-04 09:04:10,180 - __main__ - INFO - Header sent success
2023-08-04 09:04:10,187 - __main__ - INFO - write package 1 len: 1242
2023-08-04 09:04:10,187 - __main__ - INFO - File received success
2023-08-04 09:04:10,187 - __main__ - INFO - client fd: 4 connect to 127.0.0.1:8080 ...
2023-08-04 09:04:10,190 - __main__ - INFO - Connection success!
2023-08-04 09:04:10,191 - __main__ - INFO - Header sent success
2023-08-04 09:04:10,223 - __main__ - INFO - write package 1 len: 1242
2023-08-04 09:04:10,224 - __main__ - INFO - File received success
2023-08-04 09:04:10,392 - __main__ - INFO - client fd: 4 connect to 127.0.0.1:8080 ...
2023-08-04 09:04:10,392 - __main__ - INFO - Connection success!
2023-08-04 09:04:10,400 - __main__ - INFO - Header sent success
2023-08-04 09:04:10,436 - __main__ - INFO - write package 1 len: 1242
2023-08-04 09:04:10,436 - __main__ - INFO - File received success
2023-08-04 09:04:10,439 - __main__ - INFO - client fd: 4 connect to 127.0.0.1:8080 ...
2023-08-04 09:04:10,444 - __main__ - INFO - Connection success!
2023-08-04 09:04:10,506 - __main__ - INFO - client fd: 4 connect to 127.0.0.1:8080 ...
2023-08-04 09:04:10,508 - __main__ - INFO - Connection success!
2023-08-04 09:04:10,508 - __main__ - INFO - Header sent success
2023-08-04 09:04:10,509 - __main__ - INFO - write package 1 len: 1242
2023-08-04 09:04:10,509 - __main__ - INFO - File received success
2023-08-04 09:04:10,510 - __main__ - INFO - client fd: 4 connect to 127.0.0.1:8080 ...
2023-08-04 09:04:10,512 - __main__ - INFO - Connection success!
2023-08-04 09:04:10,513 - __main__ - INFO - Header sent success
2023-08-04 09:04:10,513 - __main__ - INFO - write package 1 len: 1242
2023-08-04 09:04:10,513 - __main__ - INFO - File received success
2023-08-04 09:04:10,514 - __main__ - INFO - client fd: 4 connect to 127.0.0.1:8080 ...
2023-08-04 09:04:10,516 - __main__ - INFO - Connection success!
2023-08-04 09:04:10,524 - __main__ - INFO - Header sent success
2023-08-04 09:04:10,518 - __main__ - INFO - client fd: 4 connect to 127.0.0.1:8080 ...
2023-08-04 09:04:10,526 - __main__ - INFO - Connection success!
2023-08-04 09:04:10,527 - __main__ - INFO - Header sent success
2023-08-04 09:04:10,519 - __main__ - INFO - Header sent success
2023-08-04 09:04:10,528 - __main__ - INFO - write package 1 len: 1242
2023-08-04 09:04:10,528 - __main__ - INFO - File received success
2023-08-04 09:04:10,533 - __main__ - INFO - write package 1 len: 1242
2023-08-04 09:04:10,533 - __main__ - INFO - File received success
2023-08-04 09:04:10,555 - __main__ - INFO - client fd: 4 connect to 127.0.0.1:8080 ...
2023-08-04 09:04:10,566 - __main__ - INFO - write package 1 len: 1242
2023-08-04 09:04:10,566 - __main__ - INFO - File received success
2023-08-04 09:04:10,571 - __main__ - INFO - Connection success!
2023-08-04 09:04:10,572 - __main__ - INFO - Header sent success
2023-08-04 09:04:10,572 - __main__ - INFO - write package 1 len: 1242
2023-08-04 09:04:10,572 - __main__ - INFO - File received success
2023-08-04 09:04:10,607 - __main__ - INFO - client fd: 4 connect to 127.0.0.1:8080 ...
2023-08-04 09:04:10,608 - __main__ - INFO - Connection success!
2023-08-04 09:04:10,608 - __main__ - INFO - Header sent success
2023-08-04 09:04:10,609 - __main__ - INFO - write package 1 len: 1242
2023-08-04 09:04:10,609 - __main__ - INFO - File received success
2023-08-04 09:04:10,631 - __main__ - INFO - client fd: 4 connect to 127.0.0.1:8080 ...
2023-08-04 09:04:10,632 - __main__ - INFO - Connection success!
2023-08-04 09:04:10,633 - __main__ - INFO - Header sent success
2023-08-04 09:04:10,639 - __main__ - INFO - write package 1 len: 1242
2023-08-04 09:04:10,639 - __main__ - INFO - File received success
2023-08-04 09:04:10,641 - __main__ - INFO - client fd: 4 connect to 127.0.0.1:8080 ...
2023-08-04 09:04:10,643 - __main__ - INFO - Connection success!
2023-08-04 09:04:10,643 - __main__ - INFO - Header sent success
2023-08-04 09:04:10,644 - __main__ - INFO - write package 1 len: 1242
2023-08-04 09:04:10,644 - __main__ - INFO - File received success
2023-08-04 09:04:10,645 - __main__ - INFO - client fd: 4 connect to 127.0.0.1:8080 ...
2023-08-04 09:04:10,648 - __main__ - INFO - Connection success!
2023-08-04 09:04:10,648 - __main__ - INFO - Header sent success
2023-08-04 09:04:10,651 - __main__ - INFO - write package 1 len: 1242
2023-08-04 09:04:10,651 - __main__ - INFO - File received success
2023-08-04 09:04:10,691 - __main__ - INFO - client fd: 4 connect to 127.0.0.1:8080 ...
2023-08-04 09:04:10,695 - __main__ - INFO - client fd: 4 connect to 127.0.0.1:8080 ...
2023-08-04 09:04:10,696 - __main__ - INFO - Connection success!
2023-08-04 09:04:10,697 - __main__ - INFO - Header sent success
2023-08-04 09:04:10,699 - __main__ - INFO - Connection success!
2023-08-04 09:04:10,699 - __main__ - INFO - Header sent success
2023-08-04 09:04:10,700 - __main__ - INFO - write package 1 len: 1242
2023-08-04 09:04:10,700 - __main__ - INFO - File received success
2023-08-04 09:04:10,701 - __main__ - INFO - write package 1 len: 1242
2023-08-04 09:04:10,702 - __main__ - INFO - File received success
2023-08-04 09:04:10,715 - __main__ - INFO - client fd: 4 connect to 127.0.0.1:8080 ...
2023-08-04 09:04:10,723 - __main__ - INFO - client fd: 4 connect to 127.0.0.1:8080 ...
2023-08-04 09:04:10,724 - __main__ - INFO - Connection success!
2023-08-04 09:04:10,724 - __main__ - INFO - Header sent success
2023-08-04 09:04:10,725 - __main__ - INFO - write package 1 len: 1242
2023-08-04 09:04:10,725 - __main__ - INFO - File received success
2023-08-04 09:04:10,727 - __main__ - INFO - Connection success!
2023-08-04 09:04:10,728 - __main__ - INFO - Header sent success
2023-08-04 09:04:10,728 - __main__ - INFO - write package 1 len: 1242
2023-08-04 09:04:10,728 - __main__ - INFO - File received success
2023-08-04 09:04:10,738 - __main__ - INFO - client fd: 4 connect to 127.0.0.1:8080 ...
2023-08-04 09:04:10,740 - __main__ - INFO - Connection success!
2023-08-04 09:04:10,740 - __main__ - INFO - Header sent success
2023-08-04 09:04:10,744 - __main__ - INFO - write package 1 len: 1242
2023-08-04 09:04:10,744 - __main__ - INFO - File received success
2023-08-04 09:04:10,760 - __main__ - INFO - client fd: 4 connect to 127.0.0.1:8080 ...
2023-08-04 09:04:10,763 - __main__ - INFO - Connection success!
2023-08-04 09:04:10,763 - __main__ - INFO - Header sent success
2023-08-04 09:04:10,764 - __main__ - INFO - client fd: 4 connect to 127.0.0.1:8080 ...
2023-08-04 09:04:10,766 - __main__ - INFO - write package 1 len: 1242
2023-08-04 09:04:10,767 - __main__ - INFO - File received success
2023-08-04 09:04:10,768 - __main__ - INFO - Connection success!
2023-08-04 09:04:10,768 - __main__ - INFO - Header sent success
2023-08-04 09:04:10,773 - __main__ - INFO - write package 1 len: 1242
2023-08-04 09:04:10,773 - __main__ - INFO - File received success
2023-08-04 09:04:10,818 - __main__ - INFO - client fd: 4 connect to 127.0.0.1:8080 ...
2023-08-04 09:04:10,819 - __main__ - INFO - Connection success!
2023-08-04 09:04:10,819 - __main__ - INFO - Header sent success
2023-08-04 09:04:10,820 - __main__ - INFO - write package 1 len: 1242
2023-08-04 09:04:10,820 - __main__ - INFO - File received success
2023-08-04 09:04:10,823 - __main__ - INFO - client fd: 4 connect to 127.0.0.1:8080 ...
2023-08-04 09:04:10,826 - __main__ - INFO - Connection success!
2023-08-04 09:04:10,826 - __main__ - INFO - Header sent success
2023-08-04 09:04:10,827 - __main__ - INFO - write package 1 len: 1242
2023-08-04 09:04:10,827 - __main__ - INFO - File received success
2023-08-04 09:04:10,836 - __main__ - INFO - client fd: 4 connect to 127.0.0.1:8080 ...
2023-08-04 09:04:10,841 - __main__ - INFO - Connection success!
2023-08-04 09:04:10,841 - __main__ - INFO - Header sent success
2023-08-04 09:04:10,842 - __main__ - INFO - write package 1 len: 1242
2023-08-04 09:04:10,842 - __main__ - INFO - File received success
2023-08-04 09:04:10,848 - __main__ - INFO - client fd: 4 connect to 127.0.0.1:8080 ...
2023-08-04 09:04:10,850 - __main__ - INFO - client fd: 4 connect to 127.0.0.1:8080 ...
2023-08-04 09:04:10,851 - __main__ - INFO - Connection success!
2023-08-04 09:04:10,851 - __main__ - INFO - Header sent success
2023-08-04 09:04:10,852 - __main__ - INFO - client fd: 4 connect to 127.0.0.1:8080 ...
2023-08-04 09:04:10,854 - __main__ - INFO - write package 1 len: 1242
2023-08-04 09:04:10,854 - __main__ - INFO - Connection success!
2023-08-04 09:04:10,854 - __main__ - INFO - File received success
2023-08-04 09:04:10,855 - __main__ - INFO - Connection success!
2023-08-04 09:04:10,856 - __main__ - INFO - Header sent success
2023-08-04 09:04:10,856 - __main__ - INFO - write package 1 len: 1242
2023-08-04 09:04:10,856 - __main__ - INFO - File received success
2023-08-04 09:04:10,858 - __main__ - INFO - client fd: 4 connect to 127.0.0.1:8080 ...
2023-08-04 09:04:10,855 - __main__ - INFO - Header sent success
2023-08-04 09:04:10,860 - __main__ - INFO - write package 1 len: 1242
2023-08-04 09:04:10,861 - __main__ - INFO - File received success
2023-08-04 09:04:10,860 - __main__ - INFO - Connection success!
2023-08-04 09:04:10,862 - __main__ - INFO - Header sent success
2023-08-04 09:04:10,863 - __main__ - INFO - write package 1 len: 1242
2023-08-04 09:04:10,863 - __main__ - INFO - File received success
2023-08-04 09:04:10,870 - __main__ - INFO - client fd: 4 connect to 127.0.0.1:8080 ...
2023-08-04 09:04:10,871 - __main__ - INFO - Connection success!
2023-08-04 09:04:10,872 - __main__ - INFO - Header sent success
2023-08-04 09:04:10,872 - __main__ - INFO - write package 1 len: 1242
2023-08-04 09:04:10,872 - __main__ - INFO - File received success
2023-08-04 09:04:10,888 - __main__ - INFO - client fd: 4 connect to 127.0.0.1:8080 ...
2023-08-04 09:04:10,888 - __main__ - INFO - client fd: 4 connect to 127.0.0.1:8080 ...
2023-08-04 09:04:10,890 - __main__ - INFO - Connection success!
2023-08-04 09:04:10,890 - __main__ - INFO - Connection success!
2023-08-04 09:04:10,891 - __main__ - INFO - Header sent success
2023-08-04 09:04:10,891 - __main__ - INFO - Header sent success
2023-08-04 09:04:10,891 - __main__ - INFO - write package 1 len: 1242
2023-08-04 09:04:10,892 - __main__ - INFO - File received success
2023-08-04 09:04:10,893 - __main__ - INFO - write package 1 len: 1242
2023-08-04 09:04:10,893 - __main__ - INFO - File received success
2023-08-04 09:04:10,915 - __main__ - INFO - client fd: 4 connect to 127.0.0.1:8080 ...
2023-08-04 09:04:10,917 - __main__ - INFO - Connection success!
2023-08-04 09:04:10,918 - __main__ - INFO - Header sent success
2023-08-04 09:04:10,918 - __main__ - INFO - client fd: 4 connect to 127.0.0.1:8080 ...
2023-08-04 09:04:10,919 - __main__ - INFO - Connection success!
2023-08-04 09:04:10,919 - __main__ - INFO - Header sent success
2023-08-04 09:04:10,921 - __main__ - INFO - write package 1 len: 1242
2023-08-04 09:04:10,921 - __main__ - INFO - write package 1 len: 1242
2023-08-04 09:04:10,921 - __main__ - INFO - File received success
2023-08-04 09:04:10,921 - __main__ - INFO - File received success
2023-08-04 09:04:10,927 - __main__ - INFO - client fd: 4 connect to 127.0.0.1:8080 ...
2023-08-04 09:04:10,928 - __main__ - INFO - Connection success!
2023-08-04 09:04:10,929 - __main__ - INFO - Header sent success
2023-08-04 09:04:10,929 - __main__ - INFO - write package 1 len: 1242
2023-08-04 09:04:10,929 - __main__ - INFO - File received success
2023-08-04 09:04:10,930 - __main__ - INFO - client fd: 4 connect to 127.0.0.1:8080 ...
2023-08-04 09:04:10,931 - __main__ - INFO - Connection success!
2023-08-04 09:04:10,932 - __main__ - INFO - Header sent success
2023-08-04 09:04:10,932 - __main__ - INFO - write package 1 len: 1242
2023-08-04 09:04:10,932 - __main__ - INFO - File received success
2023-08-04 09:04:10,928 - __main__ - INFO - client fd: 4 connect to 127.0.0.1:8080 ...
2023-08-04 09:04:10,935 - __main__ - INFO - Connection success!
2023-08-04 09:04:10,936 - __main__ - INFO - Header sent success
2023-08-04 09:04:10,943 - __main__ - INFO - write package 1 len: 1242
2023-08-04 09:04:10,944 - __main__ - INFO - File received success
2023-08-04 09:04:10,947 - __main__ - INFO - client fd: 4 connect to 127.0.0.1:8080 ...
2023-08-04 09:04:10,947 - __main__ - INFO - Connection success!
2023-08-04 09:04:10,948 - __main__ - INFO - Header sent success
2023-08-04 09:04:10,948 - __main__ - INFO - write package 1 len: 1242
2023-08-04 09:04:10,948 - __main__ - INFO - File received success
2023-08-04 09:04:10,953 - __main__ - INFO - client fd: 4 connect to 127.0.0.1:8080 ...
2023-08-04 09:04:10,954 - __main__ - INFO - Connection success!
2023-08-04 09:04:10,954 - __main__ - INFO - Header sent success
2023-08-04 09:04:10,955 - __main__ - INFO - write package 1 len: 1242
2023-08-04 09:04:10,955 - __main__ - INFO - File received success
2023-08-04 09:04:10,960 - __main__ - INFO - client fd: 4 connect to 127.0.0.1:8080 ...
2023-08-04 09:04:10,961 - __main__ - INFO - Connection success!
2023-08-04 09:04:10,962 - __main__ - INFO - Header sent success
2023-08-04 09:04:10,962 - __main__ - INFO - write package 1 len: 1242
2023-08-04 09:04:10,962 - __main__ - INFO - File received success
